<?xml version="1.0" encoding="UTF-8"?>
<testsuite name="com.examenteorico.examen.ExamenApplicationTests" tests="1" skipped="0" failures="0" errors="0" timestamp="2022-12-31T16:19:03" hostname="LAPTOP-TE9SDAA0" time="0.167">
  <properties/>
  <testcase name="contextLoads()" classname="com.examenteorico.examen.ExamenApplicationTests" time="0.167"/>
  <system-out><![CDATA[12:18:56.142 [Test worker] DEBUG org.springframework.boot.test.context.SpringBootTestContextBootstrapper - Neither @ContextConfiguration nor @ContextHierarchy found for test class [ExamenApplicationTests]: using SpringBootContextLoader
12:18:56.147 [Test worker] DEBUG org.springframework.test.context.support.AbstractContextLoader - Could not detect default resource locations for test class [com.examenteorico.examen.ExamenApplicationTests]: no resource found for suffixes {-context.xml, Context.groovy}.
12:18:56.148 [Test worker] INFO org.springframework.test.context.support.AnnotationConfigContextLoaderUtils - Could not detect default configuration classes for test class [com.examenteorico.examen.ExamenApplicationTests]: ExamenApplicationTests does not declare any static, non-private, non-final, nested classes annotated with @Configuration.
12:18:56.170 [Test worker] DEBUG org.springframework.boot.test.context.SpringBootTestContextBootstrapper - Using ContextCustomizers for test class [ExamenApplicationTests]: [DisableObservabilityContextCustomizer, PropertyMappingContextCustomizer, Customizer, ExcludeFilterContextCustomizer, DuplicateJsonObjectContextCustomizer, MockitoContextCustomizer, TestRestTemplateContextCustomizer]
12:18:56.233 [Test worker] DEBUG org.springframework.context.annotation.ClassPathScanningCandidateComponentProvider - Identified candidate component class: file [/home/leboroz/workspace/java/ejercicio-practico/server/build/classes/java/main/com/examenteorico/examen/ExamenApplication.class]
12:18:56.235 [Test worker] INFO org.springframework.boot.test.context.SpringBootTestContextBootstrapper - Found @SpringBootConfiguration com.examenteorico.examen.ExamenApplication for test class com.examenteorico.examen.ExamenApplicationTests
12:18:56.321 [Test worker] DEBUG org.springframework.boot.test.context.SpringBootTestContextBootstrapper - Using TestExecutionListeners for test class [ExamenApplicationTests]: [ServletTestExecutionListener, DirtiesContextBeforeModesTestExecutionListener, ApplicationEventsTestExecutionListener, MockitoTestExecutionListener, DependencyInjectionTestExecutionListener, DirtiesContextTestExecutionListener, TransactionalTestExecutionListener, SqlScriptsTestExecutionListener, EventPublishingTestExecutionListener, RestDocsTestExecutionListener, MockRestServiceServerResetTestExecutionListener, MockMvcPrintOnlyOnFailureTestExecutionListener, WebDriverTestExecutionListener, MockWebServiceServerTestExecutionListener, ResetMocksTestExecutionListener]
12:18:56.323 [Test worker] DEBUG org.springframework.test.context.support.AbstractDirtiesContextTestExecutionListener - Before test class: class [ExamenApplicationTests], class annotated with @DirtiesContext [false] with mode [null]

  .   ____          _            __ _ _
 /\\ / ___'_ __ _ _(_)_ __  __ _ \ \ \ \
( ( )\___ | '_ | '_| | '_ \/ _` | \ \ \ \
 \\/  ___)| |_)| | | | | || (_| |  ) ) ) )
  '  |____| .__|_| |_|_| |_\__, | / / / /
 =========|_|==============|___/=/_/_/_/
 :: Spring Boot ::                (v3.0.1)

2022-12-31T12:18:56.582-04:00  INFO 3077 --- [    Test worker] c.e.examen.ExamenApplicationTests        : Starting ExamenApplicationTests using Java 17.0.5 with PID 3077 (started by leboroz in /home/leboroz/workspace/java/ejercicio-practico/server)
2022-12-31T12:18:56.584-04:00  INFO 3077 --- [    Test worker] c.e.examen.ExamenApplicationTests        : No active profile set, falling back to 1 default profile: "default"
2022-12-31T12:18:57.106-04:00  INFO 3077 --- [    Test worker] .s.d.r.c.RepositoryConfigurationDelegate : Bootstrapping Spring Data JPA repositories in DEFAULT mode.
2022-12-31T12:18:57.165-04:00  INFO 3077 --- [    Test worker] .s.d.r.c.RepositoryConfigurationDelegate : Finished Spring Data repository scanning in 52 ms. Found 2 JPA repository interfaces.
2022-12-31T12:18:57.513-04:00  INFO 3077 --- [    Test worker] o.hibernate.jpa.internal.util.LogHelper  : HHH000204: Processing PersistenceUnitInfo [name: default]
2022-12-31T12:18:57.556-04:00  INFO 3077 --- [    Test worker] org.hibernate.Version                    : HHH000412: Hibernate ORM core version 6.1.6.Final
2022-12-31T12:18:57.677-04:00  WARN 3077 --- [    Test worker] org.hibernate.orm.deprecation            : HHH90000021: Encountered deprecated setting [javax.persistence.sharedCache.mode], use [jakarta.persistence.sharedCache.mode] instead
2022-12-31T12:18:57.764-04:00  INFO 3077 --- [    Test worker] com.zaxxer.hikari.HikariDataSource       : HikariPool-1 - Starting...
2022-12-31T12:19:00.078-04:00  INFO 3077 --- [    Test worker] com.zaxxer.hikari.pool.HikariPool        : HikariPool-1 - Added connection org.postgresql.jdbc.PgConnection@1c00d406
2022-12-31T12:19:00.080-04:00  INFO 3077 --- [    Test worker] com.zaxxer.hikari.HikariDataSource       : HikariPool-1 - Start completed.
2022-12-31T12:19:00.239-04:00  INFO 3077 --- [    Test worker] SQL dialect                              : HHH000400: Using dialect: org.hibernate.dialect.PostgreSQLDialect
Hibernate: alter table if exists venta drop constraint if exists FKi2b0psa40975frri1ij004nxd
2022-12-31T12:19:01.423-04:00  WARN 3077 --- [    Test worker] o.h.engine.jdbc.spi.SqlExceptionHelper   : SQL Warning Code: 0, SQLState: 00000
2022-12-31T12:19:01.425-04:00  WARN 3077 --- [    Test worker] o.h.engine.jdbc.spi.SqlExceptionHelper   : relation "venta" does not exist, skipping
Hibernate: drop table if exists user_table cascade
2022-12-31T12:19:01.564-04:00  WARN 3077 --- [    Test worker] o.h.engine.jdbc.spi.SqlExceptionHelper   : SQL Warning Code: 0, SQLState: 00000
2022-12-31T12:19:01.565-04:00  WARN 3077 --- [    Test worker] o.h.engine.jdbc.spi.SqlExceptionHelper   : table "user_table" does not exist, skipping
Hibernate: drop table if exists venta cascade
2022-12-31T12:19:01.723-04:00  WARN 3077 --- [    Test worker] o.h.engine.jdbc.spi.SqlExceptionHelper   : SQL Warning Code: 0, SQLState: 00000
2022-12-31T12:19:01.724-04:00  WARN 3077 --- [    Test worker] o.h.engine.jdbc.spi.SqlExceptionHelper   : table "venta" does not exist, skipping
Hibernate: drop sequence if exists user_table_seq
2022-12-31T12:19:01.928-04:00  WARN 3077 --- [    Test worker] o.h.engine.jdbc.spi.SqlExceptionHelper   : SQL Warning Code: 0, SQLState: 00000
2022-12-31T12:19:01.929-04:00  WARN 3077 --- [    Test worker] o.h.engine.jdbc.spi.SqlExceptionHelper   : sequence "user_table_seq" does not exist, skipping
Hibernate: drop sequence if exists venta_seq
2022-12-31T12:19:02.133-04:00  WARN 3077 --- [    Test worker] o.h.engine.jdbc.spi.SqlExceptionHelper   : SQL Warning Code: 0, SQLState: 00000
2022-12-31T12:19:02.134-04:00  WARN 3077 --- [    Test worker] o.h.engine.jdbc.spi.SqlExceptionHelper   : sequence "venta_seq" does not exist, skipping
Hibernate: create sequence user_table_seq start with 1 increment by 50
Hibernate: create sequence venta_seq start with 1 increment by 50
Hibernate: create table user_table (id bigint not null, name varchar(255), password varchar(255), primary key (id))
Hibernate: create table venta (id bigint not null, description varchar(255), folio integer, quantity_sold integer, unitary_price float4, user_id bigint, primary key (id))
Hibernate: alter table if exists venta add constraint FKi2b0psa40975frri1ij004nxd foreign key (user_id) references user_table
2022-12-31T12:19:03.047-04:00  INFO 3077 --- [    Test worker] o.h.e.t.j.p.i.JtaPlatformInitiator       : HHH000490: Using JtaPlatform implementation: [org.hibernate.engine.transaction.jta.platform.internal.NoJtaPlatform]
2022-12-31T12:19:03.058-04:00  INFO 3077 --- [    Test worker] j.LocalContainerEntityManagerFactoryBean : Initialized JPA EntityManagerFactory for persistence unit 'default'
2022-12-31T12:19:03.434-04:00  WARN 3077 --- [    Test worker] JpaBaseConfiguration$JpaWebConfiguration : spring.jpa.open-in-view is enabled by default. Therefore, database queries may be performed during view rendering. Explicitly configure spring.jpa.open-in-view to disable this warning
2022-12-31T12:19:03.735-04:00  INFO 3077 --- [    Test worker] c.e.examen.ExamenApplicationTests        : Started ExamenApplicationTests in 7.371 seconds (process running for 8.22)
]]></system-out>
  <system-err><![CDATA[]]></system-err>
</testsuite>
